===================================================
自动化 Benchmarking 脚本已启动
将在系统负载低于 3 时自动执行测试
===================================================
[Sat 07 Mar 2026 10:30:03 PM EST] 触发测试！当前系统负载 < 3，环境纯净。

---------------------------------------------------
[Sat 07 Mar 2026 10:30:03 PM EST] 开始测试 --> 线程数: 1
执行命令: taskset -c 0-0 python bench/main.py --num 1
[Sat 07 Mar 2026 10:47:21 PM EST] 线程数 1 的测试已结束。

---------------------------------------------------
[Sat 07 Mar 2026 10:47:31 PM EST] 开始测试 --> 线程数: 2
执行命令: taskset -c 0-1 python bench/main.py --num 2
[Sat 07 Mar 2026 10:57:22 PM EST] 线程数 2 的测试已结束。

---------------------------------------------------
[Sat 07 Mar 2026 10:57:32 PM EST] 开始测试 --> 线程数: 4
执行命令: taskset -c 0-3 python bench/main.py --num 4
[Sat 07 Mar 2026 11:03:48 PM EST] 线程数 4 的测试已结束。

---------------------------------------------------
[Sat 07 Mar 2026 11:03:58 PM EST] 开始测试 --> 线程数: 8
执行命令: taskset -c 0-7 python bench/main.py --num 8
[Sat 07 Mar 2026 11:10:13 PM EST] 线程数 8 的测试已结束。

---------------------------------------------------
[Sat 07 Mar 2026 11:10:23 PM EST] 开始测试 --> 线程数: 16
执行命令: taskset -c 0-15 python bench/main.py --num 16
[Sat 07 Mar 2026 11:16:30 PM EST] 线程数 16 的测试已结束。

---------------------------------------------------
[Sat 07 Mar 2026 11:16:40 PM EST] 开始测试 --> 线程数: 32
执行命令: taskset -c 0-31 python bench/main.py --num 32
