===================================================
自动化 Benchmarking 脚本已启动
将在系统负载低于 3 时自动执行测试
===================================================
[Thu 05 Mar 2026 02:24:51 PM EST] 当前服务器较拥挤 (负载: 21.82 21.64 16.54)，挂起等待 15 分钟...
[Thu 05 Mar 2026 02:39:51 PM EST] 当前服务器较拥挤 (负载: 22.17 22.23 20.12)，挂起等待 15 分钟...
[Thu 05 Mar 2026 02:54:51 PM EST] 当前服务器较拥挤 (负载: 21.60 21.10 20.77)，挂起等待 15 分钟...
[Thu 05 Mar 2026 03:09:51 PM EST] 当前服务器较拥挤 (负载: 20.49 20.83 20.96)，挂起等待 15 分钟...
[Thu 05 Mar 2026 03:24:51 PM EST] 当前服务器较拥挤 (负载: 19.93 20.41 20.81)，挂起等待 15 分钟...
[Thu 05 Mar 2026 03:39:51 PM EST] 当前服务器较拥挤 (负载: 18.89 19.26 19.84)，挂起等待 15 分钟...
[Thu 05 Mar 2026 03:54:51 PM EST] 当前服务器较拥挤 (负载: 19.36 19.20 19.41)，挂起等待 15 分钟...
[Thu 05 Mar 2026 04:09:51 PM EST] 当前服务器较拥挤 (负载: 20.25 20.13 19.79)，挂起等待 15 分钟...
[Thu 05 Mar 2026 04:24:51 PM EST] 当前服务器较拥挤 (负载: 19.85 20.39 20.44)，挂起等待 15 分钟...
[Thu 05 Mar 2026 04:39:51 PM EST] 当前服务器较拥挤 (负载: 22.18 21.62 21.00)，挂起等待 15 分钟...
[Thu 05 Mar 2026 04:54:51 PM EST] 当前服务器较拥挤 (负载: 20.79 21.28 21.17)，挂起等待 15 分钟...
[Thu 05 Mar 2026 05:09:51 PM EST] 当前服务器较拥挤 (负载: 29.07 24.09 22.39)，挂起等待 15 分钟...
[Thu 05 Mar 2026 05:24:51 PM EST] 当前服务器较拥挤 (负载: 20.37 20.63 21.37)，挂起等待 15 分钟...
[Thu 05 Mar 2026 05:39:51 PM EST] 当前服务器较拥挤 (负载: 28.35 25.71 23.79)，挂起等待 15 分钟...
[Thu 05 Mar 2026 05:54:51 PM EST] 当前服务器较拥挤 (负载: 30.27 30.10 27.90)，挂起等待 15 分钟...
[Thu 05 Mar 2026 06:09:51 PM EST] 当前服务器较拥挤 (负载: 30.20 30.24 29.43)，挂起等待 15 分钟...
[Thu 05 Mar 2026 06:24:51 PM EST] 当前服务器较拥挤 (负载: 29.09 29.30 29.44)，挂起等待 15 分钟...
[Thu 05 Mar 2026 06:39:51 PM EST] 当前服务器较拥挤 (负载: 29.23 29.24 29.27)，挂起等待 15 分钟...
[Thu 05 Mar 2026 06:54:51 PM EST] 当前服务器较拥挤 (负载: 28.97 29.07 29.12)，挂起等待 15 分钟...
[Thu 05 Mar 2026 07:09:51 PM EST] 当前服务器较拥挤 (负载: 29.62 29.36 29.23)，挂起等待 15 分钟...
[Thu 05 Mar 2026 07:24:51 PM EST] 当前服务器较拥挤 (负载: 29.45 29.38 29.30)，挂起等待 15 分钟...
[Thu 05 Mar 2026 07:39:51 PM EST] 当前服务器较拥挤 (负载: 28.25 28.27 28.64)，挂起等待 15 分钟...
[Thu 05 Mar 2026 07:54:51 PM EST] 当前服务器较拥挤 (负载: 28.13 28.10 28.29)，挂起等待 15 分钟...
[Thu 05 Mar 2026 08:09:51 PM EST] 当前服务器较拥挤 (负载: 28.29 28.27 28.28)，挂起等待 15 分钟...
[Thu 05 Mar 2026 08:24:51 PM EST] 当前服务器较拥挤 (负载: 28.10 28.18 28.21)，挂起等待 15 分钟...
[Thu 05 Mar 2026 08:39:51 PM EST] 当前服务器较拥挤 (负载: 38.27 36.11 32.32)，挂起等待 15 分钟...
[Thu 05 Mar 2026 08:54:51 PM EST] 当前服务器较拥挤 (负载: 38.63 38.43 36.16)，挂起等待 15 分钟...
[Thu 05 Mar 2026 09:09:51 PM EST] 当前服务器较拥挤 (负载: 38.22 38.22 37.44)，挂起等待 15 分钟...
[Thu 05 Mar 2026 09:24:51 PM EST] 当前服务器较拥挤 (负载: 38.06 38.27 38.01)，挂起等待 15 分钟...
[Thu 05 Mar 2026 09:39:51 PM EST] 当前服务器较拥挤 (负载: 37.99 38.08 38.03)，挂起等待 15 分钟...
[Thu 05 Mar 2026 09:54:51 PM EST] 当前服务器较拥挤 (负载: 38.30 38.29 38.19)，挂起等待 15 分钟...
[Thu 05 Mar 2026 10:09:51 PM EST] 当前服务器较拥挤 (负载: 38.12 38.08 38.11)，挂起等待 15 分钟...
[Thu 05 Mar 2026 10:24:51 PM EST] 当前服务器较拥挤 (负载: 38.16 38.12 38.09)，挂起等待 15 分钟...
[Thu 05 Mar 2026 10:39:51 PM EST] 当前服务器较拥挤 (负载: 37.86 38.08 38.10)，挂起等待 15 分钟...
[Thu 05 Mar 2026 10:54:51 PM EST] 当前服务器较拥挤 (负载: 38.53 38.24 38.14)，挂起等待 15 分钟...
[Thu 05 Mar 2026 11:09:51 PM EST] 当前服务器较拥挤 (负载: 38.20 38.14 38.11)，挂起等待 15 分钟...
[Thu 05 Mar 2026 11:24:51 PM EST] 当前服务器较拥挤 (负载: 38.34 38.30 38.32)，挂起等待 15 分钟...
[Thu 05 Mar 2026 11:39:51 PM EST] 当前服务器较拥挤 (负载: 38.00 38.17 38.30)，挂起等待 15 分钟...
[Thu 05 Mar 2026 11:54:51 PM EST] 当前服务器较拥挤 (负载: 38.06 38.14 38.20)，挂起等待 15 分钟...
[Fri 06 Mar 2026 12:09:51 AM EST] 当前服务器较拥挤 (负载: 37.41 37.45 37.76)，挂起等待 15 分钟...
[Fri 06 Mar 2026 12:24:51 AM EST] 当前服务器较拥挤 (负载: 37.42 37.22 37.41)，挂起等待 15 分钟...
[Fri 06 Mar 2026 12:39:51 AM EST] 当前服务器较拥挤 (负载: 37.27 37.14 37.24)，挂起等待 15 分钟...
[Fri 06 Mar 2026 12:54:51 AM EST] 当前服务器较拥挤 (负载: 37.34 37.30 37.24)，挂起等待 15 分钟...
[Fri 06 Mar 2026 01:09:51 AM EST] 当前服务器较拥挤 (负载: 37.19 37.14 37.16)，挂起等待 15 分钟...
[Fri 06 Mar 2026 01:24:51 AM EST] 当前服务器较拥挤 (负载: 37.20 37.16 37.17)，挂起等待 15 分钟...
[Fri 06 Mar 2026 01:39:51 AM EST] 当前服务器较拥挤 (负载: 36.91 37.12 37.16)，挂起等待 15 分钟...
[Fri 06 Mar 2026 01:54:51 AM EST] 当前服务器较拥挤 (负载: 37.26 37.20 37.19)，挂起等待 15 分钟...
[Fri 06 Mar 2026 02:09:51 AM EST] 当前服务器较拥挤 (负载: 37.38 37.25 37.19)，挂起等待 15 分钟...
[Fri 06 Mar 2026 02:24:51 AM EST] 当前服务器较拥挤 (负载: 37.14 37.15 37.16)，挂起等待 15 分钟...
[Fri 06 Mar 2026 02:39:51 AM EST] 当前服务器较拥挤 (负载: 37.07 37.15 37.16)，挂起等待 15 分钟...
[Fri 06 Mar 2026 02:54:51 AM EST] 当前服务器较拥挤 (负载: 36.50 36.67 36.92)，挂起等待 15 分钟...
[Fri 06 Mar 2026 03:09:51 AM EST] 当前服务器较拥挤 (负载: 36.12 36.22 36.47)，挂起等待 15 分钟...
[Fri 06 Mar 2026 03:24:51 AM EST] 当前服务器较拥挤 (负载: 36.58 36.36 36.35)，挂起等待 15 分钟...
[Fri 06 Mar 2026 03:39:51 AM EST] 当前服务器较拥挤 (负载: 36.03 36.19 36.23)，挂起等待 15 分钟...
[Fri 06 Mar 2026 03:54:51 AM EST] 当前服务器较拥挤 (负载: 35.98 36.14 36.17)，挂起等待 15 分钟...
[Fri 06 Mar 2026 04:09:51 AM EST] 当前服务器较拥挤 (负载: 35.83 35.95 36.04)，挂起等待 15 分钟...
[Fri 06 Mar 2026 04:24:51 AM EST] 当前服务器较拥挤 (负载: 36.21 36.18 36.12)，挂起等待 15 分钟...
[Fri 06 Mar 2026 04:39:51 AM EST] 当前服务器较拥挤 (负载: 36.30 36.13 36.09)，挂起等待 15 分钟...
[Fri 06 Mar 2026 04:54:51 AM EST] 当前服务器较拥挤 (负载: 35.76 35.96 36.03)，挂起等待 15 分钟...
[Fri 06 Mar 2026 05:09:51 AM EST] 当前服务器较拥挤 (负载: 36.51 36.26 36.14)，挂起等待 15 分钟...
[Fri 06 Mar 2026 05:24:51 AM EST] 当前服务器较拥挤 (负载: 36.19 36.17 36.16)，挂起等待 15 分钟...
[Fri 06 Mar 2026 05:39:51 AM EST] 当前服务器较拥挤 (负载: 36.03 36.13 36.21)，挂起等待 15 分钟...
[Fri 06 Mar 2026 05:54:51 AM EST] 当前服务器较拥挤 (负载: 36.00 36.02 36.10)，挂起等待 15 分钟...
[Fri 06 Mar 2026 06:09:51 AM EST] 当前服务器较拥挤 (负载: 36.16 36.13 36.08)，挂起等待 15 分钟...
[Fri 06 Mar 2026 06:24:51 AM EST] 当前服务器较拥挤 (负载: 36.12 36.14 36.09)，挂起等待 15 分钟...
[Fri 06 Mar 2026 06:39:51 AM EST] 当前服务器较拥挤 (负载: 36.10 36.01 36.03)，挂起等待 15 分钟...
[Fri 06 Mar 2026 06:54:51 AM EST] 当前服务器较拥挤 (负载: 36.00 36.00 36.02)，挂起等待 15 分钟...
[Fri 06 Mar 2026 07:09:51 AM EST] 当前服务器较拥挤 (负载: 35.97 36.04 36.02)，挂起等待 15 分钟...
[Fri 06 Mar 2026 07:24:51 AM EST] 当前服务器较拥挤 (负载: 36.06 36.07 36.08)，挂起等待 15 分钟...
[Fri 06 Mar 2026 07:39:51 AM EST] 当前服务器较拥挤 (负载: 36.09 36.21 36.16)，挂起等待 15 分钟...
[Fri 06 Mar 2026 07:54:51 AM EST] 当前服务器较拥挤 (负载: 36.41 36.19 36.16)，挂起等待 15 分钟...
[Fri 06 Mar 2026 08:09:51 AM EST] 当前服务器较拥挤 (负载: 36.29 36.22 36.19)，挂起等待 15 分钟...
[Fri 06 Mar 2026 08:24:51 AM EST] 当前服务器较拥挤 (负载: 36.32 36.22 36.18)，挂起等待 15 分钟...
[Fri 06 Mar 2026 08:39:51 AM EST] 当前服务器较拥挤 (负载: 36.12 36.19 36.17)，挂起等待 15 分钟...
[Fri 06 Mar 2026 08:54:51 AM EST] 当前服务器较拥挤 (负载: 36.21 36.14 36.13)，挂起等待 15 分钟...
[Fri 06 Mar 2026 09:09:51 AM EST] 当前服务器较拥挤 (负载: 35.12 35.18 35.56)，挂起等待 15 分钟...
[Fri 06 Mar 2026 09:24:51 AM EST] 当前服务器较拥挤 (负载: 33.97 34.52 35.02)，挂起等待 15 分钟...
[Fri 06 Mar 2026 09:39:51 AM EST] 当前服务器较拥挤 (负载: 33.88 34.07 34.40)，挂起等待 15 分钟...
[Fri 06 Mar 2026 09:54:51 AM EST] 当前服务器较拥挤 (负载: 34.26 34.20 34.27)，挂起等待 15 分钟...
[Fri 06 Mar 2026 10:09:51 AM EST] 当前服务器较拥挤 (负载: 34.05 34.07 34.12)，挂起等待 15 分钟...
[Fri 06 Mar 2026 10:24:51 AM EST] 当前服务器较拥挤 (负载: 34.00 34.10 34.11)，挂起等待 15 分钟...
[Fri 06 Mar 2026 10:39:51 AM EST] 当前服务器较拥挤 (负载: 34.10 34.23 34.17)，挂起等待 15 分钟...
[Fri 06 Mar 2026 10:54:51 AM EST] 当前服务器较拥挤 (负载: 34.00 34.17 34.17)，挂起等待 15 分钟...
[Fri 06 Mar 2026 11:09:51 AM EST] 当前服务器较拥挤 (负载: 33.08 33.73 34.00)，挂起等待 15 分钟...
[Fri 06 Mar 2026 11:24:51 AM EST] 当前服务器较拥挤 (负载: 32.09 32.32 32.98)，挂起等待 15 分钟...
[Fri 06 Mar 2026 11:39:51 AM EST] 当前服务器较拥挤 (负载: 32.08 32.09 32.40)，挂起等待 15 分钟...
[Fri 06 Mar 2026 11:54:51 AM EST] 当前服务器较拥挤 (负载: 32.34 32.14 32.19)，挂起等待 15 分钟...
[Fri 06 Mar 2026 12:09:51 PM EST] 当前服务器较拥挤 (负载: 30.01 30.53 31.33)，挂起等待 15 分钟...
[Fri 06 Mar 2026 12:24:51 PM EST] 当前服务器较拥挤 (负载: 27.63 28.76 29.96)，挂起等待 15 分钟...
[Fri 06 Mar 2026 12:39:51 PM EST] 当前服务器较拥挤 (负载: 26.07 26.26 27.62)，挂起等待 15 分钟...
[Fri 06 Mar 2026 12:54:51 PM EST] 当前服务器较拥挤 (负载: 26.20 26.17 26.69)，挂起等待 15 分钟...
[Fri 06 Mar 2026 01:09:51 PM EST] 当前服务器较拥挤 (负载: 25.88 26.10 26.37)，挂起等待 15 分钟...
[Fri 06 Mar 2026 01:24:51 PM EST] 当前服务器较拥挤 (负载: 23.99 24.46 25.37)，挂起等待 15 分钟...
[Fri 06 Mar 2026 01:39:51 PM EST] 当前服务器较拥挤 (负载: 23.04 23.67 24.39)，挂起等待 15 分钟...
[Fri 06 Mar 2026 01:54:51 PM EST] 当前服务器较拥挤 (负载: 21.91 21.99 22.86)，挂起等待 15 分钟...
[Fri 06 Mar 2026 02:09:51 PM EST] 当前服务器较拥挤 (负载: 20.99 21.33 22.03)，挂起等待 15 分钟...
[Fri 06 Mar 2026 02:24:51 PM EST] 当前服务器较拥挤 (负载: 17.07 17.85 19.66)，挂起等待 15 分钟...
[Fri 06 Mar 2026 02:39:51 PM EST] 当前服务器较拥挤 (负载: 14.06 14.59 16.64)，挂起等待 15 分钟...
[Fri 06 Mar 2026 02:54:51 PM EST] 当前服务器较拥挤 (负载: 22.83 19.22 17.30)，挂起等待 15 分钟...
[Fri 06 Mar 2026 03:09:51 PM EST] 当前服务器较拥挤 (负载: 31.94 30.16 24.48)，挂起等待 15 分钟...
[Fri 06 Mar 2026 03:24:51 PM EST] 当前服务器较拥挤 (负载: 30.15 30.87 28.83)，挂起等待 15 分钟...
[Fri 06 Mar 2026 03:39:51 PM EST] 当前服务器较拥挤 (负载: 27.71 28.62 28.81)，挂起等待 15 分钟...
[Fri 06 Mar 2026 03:54:51 PM EST] 当前服务器较拥挤 (负载: 28.20 27.90 28.20)，挂起等待 15 分钟...
[Fri 06 Mar 2026 04:09:51 PM EST] 当前服务器较拥挤 (负载: 28.69 28.04 28.03)，挂起等待 15 分钟...
[Fri 06 Mar 2026 04:24:51 PM EST] 当前服务器较拥挤 (负载: 25.07 26.12 27.16)，挂起等待 15 分钟...
[Fri 06 Mar 2026 04:39:51 PM EST] 当前服务器较拥挤 (负载: 24.54 24.53 25.49)，挂起等待 15 分钟...
[Fri 06 Mar 2026 04:54:51 PM EST] 当前服务器较拥挤 (负载: 24.70 24.79 25.01)，挂起等待 15 分钟...
[Fri 06 Mar 2026 05:09:51 PM EST] 当前服务器较拥挤 (负载: 23.54 24.21 24.62)，挂起等待 15 分钟...
[Fri 06 Mar 2026 05:24:51 PM EST] 当前服务器较拥挤 (负载: 22.53 22.80 23.56)，挂起等待 15 分钟...
[Fri 06 Mar 2026 05:39:51 PM EST] 当前服务器较拥挤 (负载: 21.34 22.01 22.80)，挂起等待 15 分钟...
[Fri 06 Mar 2026 05:54:51 PM EST] 当前服务器较拥挤 (负载: 21.84 21.43 21.86)，挂起等待 15 分钟...
[Fri 06 Mar 2026 06:09:51 PM EST] 当前服务器较拥挤 (负载: 20.23 20.23 20.81)，挂起等待 15 分钟...
[Fri 06 Mar 2026 06:24:51 PM EST] 当前服务器较拥挤 (负载: 19.98 20.11 20.40)，挂起等待 15 分钟...
[Fri 06 Mar 2026 06:39:51 PM EST] 当前服务器较拥挤 (负载: 20.05 20.10 20.22)，挂起等待 15 分钟...
[Fri 06 Mar 2026 06:54:51 PM EST] 当前服务器较拥挤 (负载: 20.31 20.25 20.23)，挂起等待 15 分钟...
[Fri 06 Mar 2026 07:09:51 PM EST] 当前服务器较拥挤 (负载: 20.01 20.13 20.16)，挂起等待 15 分钟...
[Fri 06 Mar 2026 07:24:51 PM EST] 当前服务器较拥挤 (负载: 20.07 20.16 20.17)，挂起等待 15 分钟...
[Fri 06 Mar 2026 07:39:51 PM EST] 当前服务器较拥挤 (负载: 20.33 20.16 20.14)，挂起等待 15 分钟...
[Fri 06 Mar 2026 07:54:51 PM EST] 当前服务器较拥挤 (负载: 20.03 20.07 20.08)，挂起等待 15 分钟...
[Fri 06 Mar 2026 08:09:51 PM EST] 当前服务器较拥挤 (负载: 21.58 20.67 20.30)，挂起等待 15 分钟...
[Fri 06 Mar 2026 08:24:52 PM EST] 当前服务器较拥挤 (负载: 20.65 21.28 20.85)，挂起等待 15 分钟...
[Fri 06 Mar 2026 08:39:52 PM EST] 当前服务器较拥挤 (负载: 20.36 20.51 20.61)，挂起等待 15 分钟...
[Fri 06 Mar 2026 08:54:52 PM EST] 当前服务器较拥挤 (负载: 19.98 20.26 20.44)，挂起等待 15 分钟...
[Fri 06 Mar 2026 09:09:52 PM EST] 当前服务器较拥挤 (负载: 19.17 19.66 20.04)，挂起等待 15 分钟...
[Fri 06 Mar 2026 09:24:52 PM EST] 当前服务器较拥挤 (负载: 18.97 19.12 19.46)，挂起等待 15 分钟...
[Fri 06 Mar 2026 09:39:52 PM EST] 当前服务器较拥挤 (负载: 19.16 19.15 19.26)，挂起等待 15 分钟...
[Fri 06 Mar 2026 09:54:52 PM EST] 当前服务器较拥挤 (负载: 19.13 19.09 19.15)，挂起等待 15 分钟...
[Fri 06 Mar 2026 10:09:52 PM EST] 当前服务器较拥挤 (负载: 19.07 19.12 19.16)，挂起等待 15 分钟...
[Fri 06 Mar 2026 10:24:52 PM EST] 当前服务器较拥挤 (负载: 19.33 19.22 19.18)，挂起等待 15 分钟...
[Fri 06 Mar 2026 10:39:52 PM EST] 当前服务器较拥挤 (负载: 19.18 19.16 19.16)，挂起等待 15 分钟...
[Fri 06 Mar 2026 10:54:52 PM EST] 当前服务器较拥挤 (负载: 19.57 19.30 19.21)，挂起等待 15 分钟...
[Fri 06 Mar 2026 11:09:52 PM EST] 当前服务器较拥挤 (负载: 19.33 19.20 19.18)，挂起等待 15 分钟...
[Fri 06 Mar 2026 11:24:52 PM EST] 当前服务器较拥挤 (负载: 19.14 19.18 19.18)，挂起等待 15 分钟...
[Fri 06 Mar 2026 11:39:52 PM EST] 当前服务器较拥挤 (负载: 19.35 19.27 19.24)，挂起等待 15 分钟...
[Fri 06 Mar 2026 11:54:52 PM EST] 当前服务器较拥挤 (负载: 19.35 19.24 19.21)，挂起等待 15 分钟...
[Sat 07 Mar 2026 12:09:52 AM EST] 当前服务器较拥挤 (负载: 19.24 19.24 19.20)，挂起等待 15 分钟...
[Sat 07 Mar 2026 12:24:52 AM EST] 当前服务器较拥挤 (负载: 19.11 19.13 19.13)，挂起等待 15 分钟...
[Sat 07 Mar 2026 12:39:52 AM EST] 当前服务器较拥挤 (负载: 19.12 19.16 19.17)，挂起等待 15 分钟...
[Sat 07 Mar 2026 12:54:52 AM EST] 当前服务器较拥挤 (负载: 19.22 19.17 19.16)，挂起等待 15 分钟...
[Sat 07 Mar 2026 01:09:52 AM EST] 当前服务器较拥挤 (负载: 19.08 19.12 19.14)，挂起等待 15 分钟...
[Sat 07 Mar 2026 01:24:52 AM EST] 当前服务器较拥挤 (负载: 19.18 19.26 19.23)，挂起等待 15 分钟...
[Sat 07 Mar 2026 01:39:52 AM EST] 当前服务器较拥挤 (负载: 19.25 19.20 19.19)，挂起等待 15 分钟...
[Sat 07 Mar 2026 01:54:52 AM EST] 当前服务器较拥挤 (负载: 19.15 19.15 19.16)，挂起等待 15 分钟...
[Sat 07 Mar 2026 02:09:52 AM EST] 当前服务器较拥挤 (负载: 19.04 19.12 19.15)，挂起等待 15 分钟...
[Sat 07 Mar 2026 02:24:52 AM EST] 当前服务器较拥挤 (负载: 20.26 20.42 19.83)，挂起等待 15 分钟...
[Sat 07 Mar 2026 02:39:52 AM EST] 当前服务器较拥挤 (负载: 19.25 19.63 19.97)，挂起等待 15 分钟...
[Sat 07 Mar 2026 02:54:52 AM EST] 当前服务器较拥挤 (负载: 18.08 18.27 18.91)，挂起等待 15 分钟...
[Sat 07 Mar 2026 03:09:52 AM EST] 当前服务器较拥挤 (负载: 17.24 17.46 18.12)，挂起等待 15 分钟...
[Sat 07 Mar 2026 03:24:52 AM EST] 当前服务器较拥挤 (负载: 17.16 17.24 17.59)，挂起等待 15 分钟...
[Sat 07 Mar 2026 03:39:52 AM EST] 当前服务器较拥挤 (负载: 16.00 16.39 16.97)，挂起等待 15 分钟...
[Sat 07 Mar 2026 03:54:52 AM EST] 当前服务器较拥挤 (负载: 23.14 18.41 16.96)，挂起等待 15 分钟...
[Sat 07 Mar 2026 04:09:52 AM EST] 当前服务器较拥挤 (负载: 22.09 21.91 20.20)，挂起等待 15 分钟...
[Sat 07 Mar 2026 04:24:52 AM EST] 当前服务器较拥挤 (负载: 21.01 21.37 21.07)，挂起等待 15 分钟...
[Sat 07 Mar 2026 04:39:52 AM EST] 当前服务器较拥挤 (负载: 19.25 20.27 20.72)，挂起等待 15 分钟...
[Sat 07 Mar 2026 04:54:52 AM EST] 当前服务器较拥挤 (负载: 18.09 18.13 19.10)，挂起等待 15 分钟...
[Sat 07 Mar 2026 05:09:52 AM EST] 当前服务器较拥挤 (负载: 17.56 17.79 18.29)，挂起等待 15 分钟...
[Sat 07 Mar 2026 05:24:52 AM EST] 当前服务器较拥挤 (负载: 17.83 17.93 18.03)，挂起等待 15 分钟...
[Sat 07 Mar 2026 05:39:52 AM EST] 当前服务器较拥挤 (负载: 16.74 17.16 17.62)，挂起等待 15 分钟...
[Sat 07 Mar 2026 05:54:52 AM EST] 当前服务器较拥挤 (负载: 17.00 16.98 17.16)，挂起等待 15 分钟...
[Sat 07 Mar 2026 06:09:52 AM EST] 当前服务器较拥挤 (负载: 16.66 16.88 16.98)，挂起等待 15 分钟...
[Sat 07 Mar 2026 06:24:52 AM EST] 当前服务器较拥挤 (负载: 16.86 16.90 16.96)，挂起等待 15 分钟...
[Sat 07 Mar 2026 06:39:52 AM EST] 当前服务器较拥挤 (负载: 16.92 16.80 16.87)，挂起等待 15 分钟...
[Sat 07 Mar 2026 06:54:52 AM EST] 当前服务器较拥挤 (负载: 16.74 16.81 16.82)，挂起等待 15 分钟...
[Sat 07 Mar 2026 07:09:52 AM EST] 当前服务器较拥挤 (负载: 16.75 16.85 16.89)，挂起等待 15 分钟...
[Sat 07 Mar 2026 07:24:52 AM EST] 当前服务器较拥挤 (负载: 15.31 15.81 16.29)，挂起等待 15 分钟...
[Sat 07 Mar 2026 07:39:52 AM EST] 当前服务器较拥挤 (负载: 15.46 15.26 15.61)，挂起等待 15 分钟...
[Sat 07 Mar 2026 07:54:52 AM EST] 当前服务器较拥挤 (负载: 15.09 15.07 15.25)，挂起等待 15 分钟...
[Sat 07 Mar 2026 08:09:52 AM EST] 当前服务器较拥挤 (负载: 15.23 15.15 15.18)，挂起等待 15 分钟...
[Sat 07 Mar 2026 08:24:52 AM EST] 当前服务器较拥挤 (负载: 14.95 15.10 15.15)，挂起等待 15 分钟...
[Sat 07 Mar 2026 08:39:52 AM EST] 当前服务器较拥挤 (负载: 14.97 15.03 15.07)，挂起等待 15 分钟...
[Sat 07 Mar 2026 08:54:52 AM EST] 当前服务器较拥挤 (负载: 15.26 15.29 15.18)，挂起等待 15 分钟...
[Sat 07 Mar 2026 09:09:52 AM EST] 当前服务器较拥挤 (负载: 15.26 15.16 15.13)，挂起等待 15 分钟...
[Sat 07 Mar 2026 09:24:52 AM EST] 当前服务器较拥挤 (负载: 15.40 15.19 15.12)，挂起等待 15 分钟...
[Sat 07 Mar 2026 09:39:52 AM EST] 当前服务器较拥挤 (负载: 14.38 14.78 14.97)，挂起等待 15 分钟...
[Sat 07 Mar 2026 09:54:52 AM EST] 当前服务器较拥挤 (负载: 14.45 14.31 14.51)，挂起等待 15 分钟...
[Sat 07 Mar 2026 10:09:52 AM EST] 当前服务器较拥挤 (负载: 15.10 14.68 14.49)，挂起等待 15 分钟...
[Sat 07 Mar 2026 10:24:52 AM EST] 当前服务器较拥挤 (负载: 14.32 14.46 14.45)，挂起等待 15 分钟...
[Sat 07 Mar 2026 10:39:52 AM EST] 当前服务器较拥挤 (负载: 14.07 14.11 14.27)，挂起等待 15 分钟...
[Sat 07 Mar 2026 10:54:52 AM EST] 当前服务器较拥挤 (负载: 14.93 14.43 14.28)，挂起等待 15 分钟...
[Sat 07 Mar 2026 11:09:52 AM EST] 当前服务器较拥挤 (负载: 14.15 14.13 14.17)，挂起等待 15 分钟...
[Sat 07 Mar 2026 11:24:52 AM EST] 当前服务器较拥挤 (负载: 14.08 14.11 14.13)，挂起等待 15 分钟...
[Sat 07 Mar 2026 11:39:52 AM EST] 当前服务器较拥挤 (负载: 13.23 13.24 13.60)，挂起等待 15 分钟...
[Sat 07 Mar 2026 11:54:52 AM EST] 当前服务器较拥挤 (负载: 13.17 13.29 13.36)，挂起等待 15 分钟...
[Sat 07 Mar 2026 12:09:52 PM EST] 当前服务器较拥挤 (负载: 13.04 13.14 13.21)，挂起等待 15 分钟...
[Sat 07 Mar 2026 12:24:52 PM EST] 当前服务器较拥挤 (负载: 12.20 12.63 12.96)，挂起等待 15 分钟...
[Sat 07 Mar 2026 12:39:52 PM EST] 当前服务器较拥挤 (负载: 12.27 12.20 12.45)，挂起等待 15 分钟...
[Sat 07 Mar 2026 12:54:52 PM EST] 当前服务器较拥挤 (负载: 11.01 11.15 11.66)，挂起等待 15 分钟...
[Sat 07 Mar 2026 01:09:52 PM EST] 当前服务器较拥挤 (负载: 8.04 8.24 9.51)，挂起等待 15 分钟...
[Sat 07 Mar 2026 01:24:52 PM EST] 当前服务器较拥挤 (负载: 8.04 8.07 8.58)，挂起等待 15 分钟...
[Sat 07 Mar 2026 01:39:52 PM EST] 当前服务器较拥挤 (负载: 8.10 8.05 8.23)，挂起等待 15 分钟...
[Sat 07 Mar 2026 01:54:52 PM EST] 当前服务器较拥挤 (负载: 8.00 8.03 8.09)，挂起等待 15 分钟...
[Sat 07 Mar 2026 02:09:52 PM EST] 当前服务器较拥挤 (负载: 7.22 7.71 7.94)，挂起等待 15 分钟...
[Sat 07 Mar 2026 02:24:52 PM EST] 当前服务器较拥挤 (负载: 7.02 7.05 7.35)，挂起等待 15 分钟...
[Sat 07 Mar 2026 02:39:52 PM EST] 当前服务器较拥挤 (负载: 7.00 7.02 7.14)，挂起等待 15 分钟...
[Sat 07 Mar 2026 02:54:52 PM EST] 当前服务器较拥挤 (负载: 7.03 7.06 7.08)，挂起等待 15 分钟...
[Sat 07 Mar 2026 03:09:52 PM EST] 当前服务器较拥挤 (负载: 6.08 6.12 6.44)，挂起等待 15 分钟...
[Sat 07 Mar 2026 03:24:52 PM EST] 当前服务器较拥挤 (负载: 6.05 6.02 6.16)，挂起等待 15 分钟...
[Sat 07 Mar 2026 03:39:52 PM EST] 当前服务器较拥挤 (负载: 6.20 6.10 6.11)，挂起等待 15 分钟...
[Sat 07 Mar 2026 03:54:52 PM EST] 当前服务器较拥挤 (负载: 4.07 4.60 5.37)，挂起等待 15 分钟...
[Sat 07 Mar 2026 04:09:52 PM EST] 当前服务器较拥挤 (负载: 3.11 3.20 4.02)，挂起等待 15 分钟...
[Sat 07 Mar 2026 04:24:52 PM EST] 触发测试！当前系统负载 < 3，环境纯净。

---------------------------------------------------
[Sat 07 Mar 2026 04:24:52 PM EST] 开始测试 --> 线程数: 1
执行命令: taskset -c 0-0 python bench/main.py --num 1
[Sat 07 Mar 2026 04:53:52 PM EST] 线程数 1 的测试已结束。

---------------------------------------------------
[Sat 07 Mar 2026 04:54:02 PM EST] 开始测试 --> 线程数: 2
执行命令: taskset -c 0-1 python bench/main.py --num 2
[Sat 07 Mar 2026 05:09:42 PM EST] 线程数 2 的测试已结束。

---------------------------------------------------
[Sat 07 Mar 2026 05:09:52 PM EST] 开始测试 --> 线程数: 4
执行命令: taskset -c 0-3 python bench/main.py --num 4
[Sat 07 Mar 2026 05:19:01 PM EST] 线程数 4 的测试已结束。

---------------------------------------------------
[Sat 07 Mar 2026 05:19:11 PM EST] 开始测试 --> 线程数: 8
执行命令: taskset -c 0-7 python bench/main.py --num 8
[Sat 07 Mar 2026 05:28:19 PM EST] 线程数 8 的测试已结束。

---------------------------------------------------
[Sat 07 Mar 2026 05:28:29 PM EST] 开始测试 --> 线程数: 16
执行命令: taskset -c 0-15 python bench/main.py --num 16
[Sat 07 Mar 2026 05:37:37 PM EST] 线程数 16 的测试已结束。

---------------------------------------------------
[Sat 07 Mar 2026 05:37:47 PM EST] 开始测试 --> 线程数: 32
执行命令: taskset -c 0-31 python bench/main.py --num 32
[Sat 07 Mar 2026 05:46:54 PM EST] 线程数 32 的测试已结束。

---------------------------------------------------
[Sat 07 Mar 2026 05:47:04 PM EST] 开始测试 --> 线程数: 48
执行命令: taskset -c 0-47 python bench/main.py --num 48
[Sat 07 Mar 2026 05:56:10 PM EST] 线程数 48 的测试已结束。
===================================================
[Sat 07 Mar 2026 05:56:20 PM EST] 所有配置已全部测试完毕，完美收工！
