-- Found pybind11: /home/liu4441/.local/lib/python3.9/site-packages/pybind11/include (found version "3.0.2")
-- Configuring done (0.1s)
-- Generating done (0.0s)
-- Build files have been written to: /home/newdrive/liu4441/liana/pfor/standard/v17/build
[100%] Built target pforex_cpp
[RUN] Running benchmarks...
[CONFIG] 手动设定: 启动 16 个并行线程

>>> Running Config: bert_ner10 <<<
Detecting FT model native dtype...
-> Found dtype in config: torch.float32

[Phase -1] Source Evaluation...
Detected kernel version 5.4.0, which is below the recommended minimum of 5.5.0; this can cause the process to hang. It is recommended to upgrade the kernel to the minimum version or higher.
{'eval_loss': 2.1617014408111572, 'eval_model_preparation_time': 0.003, 'eval_f1': 0.04774664200390686, 'eval_runtime': 7.0629, 'eval_samples_per_second': 488.894, 'eval_steps_per_second': 15.291}
  -> Size: 100.00% | Comp: 0.0 MB/s | Decomp: 0.0 MB/s | Metrics: {'eval_loss': 2.1617014408111572, 'eval_model_preparation_time': 0.003, 'eval_f1': 0.04774664200390686, 'eval_runtime': 7.0629, 'eval_samples_per_second': 488.894, 'eval_steps_per_second': 15.291}

[Phase 0] Baseline Evaluation...
Detected kernel version 5.4.0, which is below the recommended minimum of 5.5.0; this can cause the process to hang. It is recommended to upgrade the kernel to the minimum version or higher.
{'eval_loss': 0.18014521896839142, 'eval_model_preparation_time': 0.0033, 'eval_f1': 0.9184361507068078, 'eval_runtime': 6.869, 'eval_samples_per_second': 502.692, 'eval_steps_per_second': 15.723}
  -> Size: 100.00% | Comp: 0.0 MB/s | Decomp: 0.0 MB/s | Metrics: {'eval_loss': 0.18014521896839142, 'eval_model_preparation_time': 0.0033, 'eval_f1': 0.9184361507068078, 'eval_runtime': 6.869, 'eval_samples_per_second': 502.692, 'eval_steps_per_second': 15.723}

[========== Rate: 0.0 = Model: bert_ner10==========]
Detected disk offloading. Scaling down max_workers to 4 to prevent disk I/O thrashing.
Based on the current allocation process, no modules could be assigned to the following devices due to insufficient memory:
  - 0: 177524736 bytes required
These minimum requirements are specific to this allocation attempt and may vary. Consider increasing the available memory for these devices to at least the specified minimum, or adjusting the model config.
Based on the current allocation process, no modules could be assigned to the following devices due to insufficient memory:
  - 0: 177524736 bytes required
These minimum requirements are specific to this allocation attempt and may vary. Consider increasing the available memory for these devices to at least the specified minimum, or adjusting the model config.
Detected kernel version 5.4.0, which is below the recommended minimum of 5.5.0; this can cause the process to hang. It is recommended to upgrade the kernel to the minimum version or higher.
{'eval_loss': 0.18014521896839142, 'eval_model_preparation_time': 0.003, 'eval_f1': 0.9184361507068078, 'eval_runtime': 6.8737, 'eval_samples_per_second': 502.346, 'eval_steps_per_second': 15.712}
  -> Size: 69.06% | Comp: 1780.2 MB/s | Decomp: 8204.9 MB/s | Metrics: {'eval_loss': 0.18014521896839142, 'eval_model_preparation_time': 0.003, 'eval_f1': 0.9184361507068078, 'eval_runtime': 6.8737, 'eval_samples_per_second': 502.346, 'eval_steps_per_second': 15.712}

[========== Rate: 0.001 = Model: bert_ner10==========]
Detected disk offloading. Scaling down max_workers to 4 to prevent disk I/O thrashing.
Based on the current allocation process, no modules could be assigned to the following devices due to insufficient memory:
  - 0: 177524736 bytes required
These minimum requirements are specific to this allocation attempt and may vary. Consider increasing the available memory for these devices to at least the specified minimum, or adjusting the model config.
Based on the current allocation process, no modules could be assigned to the following devices due to insufficient memory:
  - 0: 177524736 bytes required
These minimum requirements are specific to this allocation attempt and may vary. Consider increasing the available memory for these devices to at least the specified minimum, or adjusting the model config.
Detected kernel version 5.4.0, which is below the recommended minimum of 5.5.0; this can cause the process to hang. It is recommended to upgrade the kernel to the minimum version or higher.
{'eval_loss': 0.18004822731018066, 'eval_model_preparation_time': 0.003, 'eval_f1': 0.9186631174208814, 'eval_runtime': 6.79, 'eval_samples_per_second': 508.541, 'eval_steps_per_second': 15.906}
  -> Size: 67.69% | Comp: 1689.7 MB/s | Decomp: 8223.6 MB/s | Metrics: {'eval_loss': 0.18004822731018066, 'eval_model_preparation_time': 0.003, 'eval_f1': 0.9186631174208814, 'eval_runtime': 6.79, 'eval_samples_per_second': 508.541, 'eval_steps_per_second': 15.906}

[========== Rate: 0.005 = Model: bert_ner10==========]
Detected disk offloading. Scaling down max_workers to 4 to prevent disk I/O thrashing.
Based on the current allocation process, no modules could be assigned to the following devices due to insufficient memory:
  - 0: 177524736 bytes required
These minimum requirements are specific to this allocation attempt and may vary. Consider increasing the available memory for these devices to at least the specified minimum, or adjusting the model config.
Based on the current allocation process, no modules could be assigned to the following devices due to insufficient memory:
  - 0: 177524736 bytes required
These minimum requirements are specific to this allocation attempt and may vary. Consider increasing the available memory for these devices to at least the specified minimum, or adjusting the model config.
Detected kernel version 5.4.0, which is below the recommended minimum of 5.5.0; this can cause the process to hang. It is recommended to upgrade the kernel to the minimum version or higher.
{'eval_loss': 0.1786688268184662, 'eval_model_preparation_time': 0.003, 'eval_f1': 0.9185001182872012, 'eval_runtime': 6.7945, 'eval_samples_per_second': 508.207, 'eval_steps_per_second': 15.895}
  -> Size: 63.87% | Comp: 1745.9 MB/s | Decomp: 7321.2 MB/s | Metrics: {'eval_loss': 0.1786688268184662, 'eval_model_preparation_time': 0.003, 'eval_f1': 0.9185001182872012, 'eval_runtime': 6.7945, 'eval_samples_per_second': 508.207, 'eval_steps_per_second': 15.895}

[========== Rate: 0.01 = Model: bert_ner10==========]
Detected disk offloading. Scaling down max_workers to 4 to prevent disk I/O thrashing.
Based on the current allocation process, no modules could be assigned to the following devices due to insufficient memory:
  - 0: 177524736 bytes required
These minimum requirements are specific to this allocation attempt and may vary. Consider increasing the available memory for these devices to at least the specified minimum, or adjusting the model config.
Based on the current allocation process, no modules could be assigned to the following devices due to insufficient memory:
  - 0: 177524736 bytes required
These minimum requirements are specific to this allocation attempt and may vary. Consider increasing the available memory for these devices to at least the specified minimum, or adjusting the model config.
Detected kernel version 5.4.0, which is below the recommended minimum of 5.5.0; this can cause the process to hang. It is recommended to upgrade the kernel to the minimum version or higher.
{'eval_loss': 0.17736269533634186, 'eval_model_preparation_time': 0.0031, 'eval_f1': 0.9187910332998167, 'eval_runtime': 6.8009, 'eval_samples_per_second': 507.727, 'eval_steps_per_second': 15.88}
  -> Size: 59.34% | Comp: 1880.8 MB/s | Decomp: 8040.7 MB/s | Metrics: {'eval_loss': 0.17736269533634186, 'eval_model_preparation_time': 0.0031, 'eval_f1': 0.9187910332998167, 'eval_runtime': 6.8009, 'eval_samples_per_second': 507.727, 'eval_steps_per_second': 15.88}

[========== Rate: 0.02 = Model: bert_ner10==========]
Detected disk offloading. Scaling down max_workers to 4 to prevent disk I/O thrashing.
Based on the current allocation process, no modules could be assigned to the following devices due to insufficient memory:
  - 0: 177524736 bytes required
These minimum requirements are specific to this allocation attempt and may vary. Consider increasing the available memory for these devices to at least the specified minimum, or adjusting the model config.
Based on the current allocation process, no modules could be assigned to the following devices due to insufficient memory:
  - 0: 177524736 bytes required
These minimum requirements are specific to this allocation attempt and may vary. Consider increasing the available memory for these devices to at least the specified minimum, or adjusting the model config.
Detected kernel version 5.4.0, which is below the recommended minimum of 5.5.0; this can cause the process to hang. It is recommended to upgrade the kernel to the minimum version or higher.
{'eval_loss': 0.16886521875858307, 'eval_model_preparation_time': 0.0031, 'eval_f1': 0.9180754226267882, 'eval_runtime': 6.8227, 'eval_samples_per_second': 506.104, 'eval_steps_per_second': 15.829}
  -> Size: 48.61% | Comp: 1602.5 MB/s | Decomp: 9693.5 MB/s | Metrics: {'eval_loss': 0.16886521875858307, 'eval_model_preparation_time': 0.0031, 'eval_f1': 0.9180754226267882, 'eval_runtime': 6.8227, 'eval_samples_per_second': 506.104, 'eval_steps_per_second': 15.829}

[========== Rate: 0.03 = Model: bert_ner10==========]
Detected disk offloading. Scaling down max_workers to 4 to prevent disk I/O thrashing.
Based on the current allocation process, no modules could be assigned to the following devices due to insufficient memory:
  - 0: 177524736 bytes required
These minimum requirements are specific to this allocation attempt and may vary. Consider increasing the available memory for these devices to at least the specified minimum, or adjusting the model config.
Based on the current allocation process, no modules could be assigned to the following devices due to insufficient memory:
  - 0: 177524736 bytes required
These minimum requirements are specific to this allocation attempt and may vary. Consider increasing the available memory for these devices to at least the specified minimum, or adjusting the model config.
Detected kernel version 5.4.0, which is below the recommended minimum of 5.5.0; this can cause the process to hang. It is recommended to upgrade the kernel to the minimum version or higher.
{'eval_loss': 0.14816465973854065, 'eval_model_preparation_time': 0.003, 'eval_f1': 0.918127619384924, 'eval_runtime': 6.8477, 'eval_samples_per_second': 504.258, 'eval_steps_per_second': 15.772}
  -> Size: 39.80% | Comp: 794.2 MB/s | Decomp: 10900.3 MB/s | Metrics: {'eval_loss': 0.14816465973854065, 'eval_model_preparation_time': 0.003, 'eval_f1': 0.918127619384924, 'eval_runtime': 6.8477, 'eval_samples_per_second': 504.258, 'eval_steps_per_second': 15.772}

[========== Rate: 0.04 = Model: bert_ner10==========]
Detected disk offloading. Scaling down max_workers to 4 to prevent disk I/O thrashing.
Based on the current allocation process, no modules could be assigned to the following devices due to insufficient memory:
  - 0: 177524736 bytes required
These minimum requirements are specific to this allocation attempt and may vary. Consider increasing the available memory for these devices to at least the specified minimum, or adjusting the model config.
Based on the current allocation process, no modules could be assigned to the following devices due to insufficient memory:
  - 0: 177524736 bytes required
These minimum requirements are specific to this allocation attempt and may vary. Consider increasing the available memory for these devices to at least the specified minimum, or adjusting the model config.
Detected kernel version 5.4.0, which is below the recommended minimum of 5.5.0; this can cause the process to hang. It is recommended to upgrade the kernel to the minimum version or higher.
{'eval_loss': 0.11682668328285217, 'eval_model_preparation_time': 0.003, 'eval_f1': 0.9112460930589137, 'eval_runtime': 6.9019, 'eval_samples_per_second': 500.299, 'eval_steps_per_second': 15.648}
  -> Size: 27.98% | Comp: 682.4 MB/s | Decomp: 14942.3 MB/s | Metrics: {'eval_loss': 0.11682668328285217, 'eval_model_preparation_time': 0.003, 'eval_f1': 0.9112460930589137, 'eval_runtime': 6.9019, 'eval_samples_per_second': 500.299, 'eval_steps_per_second': 15.648}

[========== Rate: 0.05 = Model: bert_ner10==========]
Detected disk offloading. Scaling down max_workers to 4 to prevent disk I/O thrashing.
Based on the current allocation process, no modules could be assigned to the following devices due to insufficient memory:
  - 0: 177524736 bytes required
These minimum requirements are specific to this allocation attempt and may vary. Consider increasing the available memory for these devices to at least the specified minimum, or adjusting the model config.
Based on the current allocation process, no modules could be assigned to the following devices due to insufficient memory:
  - 0: 177524736 bytes required
These minimum requirements are specific to this allocation attempt and may vary. Consider increasing the available memory for these devices to at least the specified minimum, or adjusting the model config.
Detected kernel version 5.4.0, which is below the recommended minimum of 5.5.0; this can cause the process to hang. It is recommended to upgrade the kernel to the minimum version or higher.
{'eval_loss': 0.12995749711990356, 'eval_model_preparation_time': 0.003, 'eval_f1': 0.8715450971187136, 'eval_runtime': 6.8663, 'eval_samples_per_second': 502.891, 'eval_steps_per_second': 15.729}
  -> Size: 17.92% | Comp: 791.0 MB/s | Decomp: 15611.9 MB/s | Metrics: {'eval_loss': 0.12995749711990356, 'eval_model_preparation_time': 0.003, 'eval_f1': 0.8715450971187136, 'eval_runtime': 6.8663, 'eval_samples_per_second': 502.891, 'eval_steps_per_second': 15.729}

[========== Rate: 0.1 = Model: bert_ner10==========]
Detected disk offloading. Scaling down max_workers to 4 to prevent disk I/O thrashing.
Based on the current allocation process, no modules could be assigned to the following devices due to insufficient memory:
  - 0: 177524736 bytes required
These minimum requirements are specific to this allocation attempt and may vary. Consider increasing the available memory for these devices to at least the specified minimum, or adjusting the model config.
Based on the current allocation process, no modules could be assigned to the following devices due to insufficient memory:
  - 0: 177524736 bytes required
These minimum requirements are specific to this allocation attempt and may vary. Consider increasing the available memory for these devices to at least the specified minimum, or adjusting the model config.
Detected kernel version 5.4.0, which is below the recommended minimum of 5.5.0; this can cause the process to hang. It is recommended to upgrade the kernel to the minimum version or higher.
{'eval_loss': 1.9763234853744507, 'eval_model_preparation_time': 0.003, 'eval_f1': 0.0852062754212667, 'eval_runtime': 6.9239, 'eval_samples_per_second': 498.709, 'eval_steps_per_second': 15.598}
  -> Size: 1.07% | Comp: 1786.4 MB/s | Decomp: 16813.5 MB/s | Metrics: {'eval_loss': 1.9763234853744507, 'eval_model_preparation_time': 0.003, 'eval_f1': 0.0852062754212667, 'eval_runtime': 6.9239, 'eval_samples_per_second': 498.709, 'eval_steps_per_second': 15.598}

[========== Rate: 0.12 = Model: bert_ner10==========]
Detected disk offloading. Scaling down max_workers to 4 to prevent disk I/O thrashing.
Based on the current allocation process, no modules could be assigned to the following devices due to insufficient memory:
  - 0: 177524736 bytes required
These minimum requirements are specific to this allocation attempt and may vary. Consider increasing the available memory for these devices to at least the specified minimum, or adjusting the model config.
Based on the current allocation process, no modules could be assigned to the following devices due to insufficient memory:
  - 0: 177524736 bytes required
These minimum requirements are specific to this allocation attempt and may vary. Consider increasing the available memory for these devices to at least the specified minimum, or adjusting the model config.
Detected kernel version 5.4.0, which is below the recommended minimum of 5.5.0; this can cause the process to hang. It is recommended to upgrade the kernel to the minimum version or higher.
{'eval_loss': 2.1277053356170654, 'eval_model_preparation_time': 0.0031, 'eval_f1': 0.05153421657254514, 'eval_runtime': 6.9629, 'eval_samples_per_second': 495.912, 'eval_steps_per_second': 15.511}
  -> Size: 0.29% | Comp: 3284.9 MB/s | Decomp: 15869.4 MB/s | Metrics: {'eval_loss': 2.1277053356170654, 'eval_model_preparation_time': 0.0031, 'eval_f1': 0.05153421657254514, 'eval_runtime': 6.9629, 'eval_samples_per_second': 495.912, 'eval_steps_per_second': 15.511}

[========== Rate: 0.15 = Model: bert_ner10==========]
Detected disk offloading. Scaling down max_workers to 4 to prevent disk I/O thrashing.
Based on the current allocation process, no modules could be assigned to the following devices due to insufficient memory:
  - 0: 177524736 bytes required
These minimum requirements are specific to this allocation attempt and may vary. Consider increasing the available memory for these devices to at least the specified minimum, or adjusting the model config.
Based on the current allocation process, no modules could be assigned to the following devices due to insufficient memory:
  - 0: 177524736 bytes required
These minimum requirements are specific to this allocation attempt and may vary. Consider increasing the available memory for these devices to at least the specified minimum, or adjusting the model config.
Detected kernel version 5.4.0, which is below the recommended minimum of 5.5.0; this can cause the process to hang. It is recommended to upgrade the kernel to the minimum version or higher.
{'eval_loss': 2.1766743659973145, 'eval_model_preparation_time': 0.0031, 'eval_f1': 0.04502750740584003, 'eval_runtime': 6.9711, 'eval_samples_per_second': 495.33, 'eval_steps_per_second': 15.492}
  -> Size: 0.04% | Comp: 5525.7 MB/s | Decomp: 19631.3 MB/s | Metrics: {'eval_loss': 2.1766743659973145, 'eval_model_preparation_time': 0.0031, 'eval_f1': 0.04502750740584003, 'eval_runtime': 6.9711, 'eval_samples_per_second': 495.33, 'eval_steps_per_second': 15.492}

====================================================================================================
 FINAL SUMMARY: bert_ner10 (NER) 
====================================================================================================
Rate     | Comp %     | C-Speed      | D-Speed      | Main Metric
-----------------------------------------------------------------
Source   | 100.00%    | 0.0 MB/s     | 0.0 MB/s     | eval_f1: 0.0477, eval_model_preparation_time: 0.0030
Baseline | 100.00%    | 0.0 MB/s     | 0.0 MB/s     | eval_f1: 0.9184, eval_model_preparation_time: 0.0033
0.0      | 69.06%     | 1780.2 MB/s  | 8204.9 MB/s  | eval_f1: 0.9184, eval_model_preparation_time: 0.0030
0.001    | 67.69%     | 1689.7 MB/s  | 8223.6 MB/s  | eval_f1: 0.9187, eval_model_preparation_time: 0.0030
0.005    | 63.87%     | 1745.9 MB/s  | 7321.2 MB/s  | eval_f1: 0.9185, eval_model_preparation_time: 0.0030
0.01     | 59.34%     | 1880.8 MB/s  | 8040.7 MB/s  | eval_f1: 0.9188, eval_model_preparation_time: 0.0031
0.02     | 48.61%     | 1602.5 MB/s  | 9693.5 MB/s  | eval_f1: 0.9181, eval_model_preparation_time: 0.0031
0.03     | 39.80%     | 794.2 MB/s   | 10900.3 MB/s | eval_f1: 0.9181, eval_model_preparation_time: 0.0030
0.04     | 27.98%     | 682.4 MB/s   | 14942.3 MB/s | eval_f1: 0.9112, eval_model_preparation_time: 0.0030
0.05     | 17.92%     | 791.0 MB/s   | 15611.9 MB/s | eval_f1: 0.8715, eval_model_preparation_time: 0.0030
0.1      | 1.07%      | 1786.4 MB/s  | 16813.5 MB/s | eval_f1: 0.0852, eval_model_preparation_time: 0.0030
0.12     | 0.29%      | 3284.9 MB/s  | 15869.4 MB/s | eval_f1: 0.0515, eval_model_preparation_time: 0.0031
0.15     | 0.04%      | 5525.7 MB/s  | 19631.3 MB/s | eval_f1: 0.0450, eval_model_preparation_time: 0.0031
====================================================================================================
