-- Found pybind11: /home/liu4441/.local/lib/python3.9/site-packages/pybind11/include (found version "3.0.2")
-- Configuring done (0.1s)
-- Generating done (0.0s)
-- Build files have been written to: /home/newdrive/liu4441/liana/pfor/standard/v17/build
[100%] Built target pforex_cpp
[RUN] Running benchmarks...
[CONFIG] 手动设定: 启动 16 个并行线程

>>> Running Config: roberta-large-1 <<<
Detecting FT model native dtype...
-> Dtype not in config. Defaulting to float32 (common for GPT-2/BERT).

[========== Rate: 0.0 = Model: roberta-large-1==========]
Detected disk offloading. Scaling down max_workers to 4 to prevent disk I/O thrashing.
Based on the current allocation process, no modules could be assigned to the following devices due to insufficient memory:
  - 0: 258396192 bytes required
These minimum requirements are specific to this allocation attempt and may vary. Consider increasing the available memory for these devices to at least the specified minimum, or adjusting the model config.
Based on the current allocation process, no modules could be assigned to the following devices due to insufficient memory:
  - 0: 258396192 bytes required
These minimum requirements are specific to this allocation attempt and may vary. Consider increasing the available memory for these devices to at least the specified minimum, or adjusting the model config.
  -> Size: 30.40% | Comp: 466.0 MB/s | Decomp: 9534.6 MB/s | Metrics: {}

[========== Rate: 0.001 = Model: roberta-large-1==========]
Detected disk offloading. Scaling down max_workers to 4 to prevent disk I/O thrashing.
Based on the current allocation process, no modules could be assigned to the following devices due to insufficient memory:
  - 0: 258396192 bytes required
These minimum requirements are specific to this allocation attempt and may vary. Consider increasing the available memory for these devices to at least the specified minimum, or adjusting the model config.
Based on the current allocation process, no modules could be assigned to the following devices due to insufficient memory:
  - 0: 258396192 bytes required
These minimum requirements are specific to this allocation attempt and may vary. Consider increasing the available memory for these devices to at least the specified minimum, or adjusting the model config.
  -> Size: 30.40% | Comp: 1626.7 MB/s | Decomp: 9153.1 MB/s | Metrics: {}

[========== Rate: 0.005 = Model: roberta-large-1==========]
Detected disk offloading. Scaling down max_workers to 4 to prevent disk I/O thrashing.
Based on the current allocation process, no modules could be assigned to the following devices due to insufficient memory:
  - 0: 258396192 bytes required
These minimum requirements are specific to this allocation attempt and may vary. Consider increasing the available memory for these devices to at least the specified minimum, or adjusting the model config.
Based on the current allocation process, no modules could be assigned to the following devices due to insufficient memory:
  - 0: 258396192 bytes required
These minimum requirements are specific to this allocation attempt and may vary. Consider increasing the available memory for these devices to at least the specified minimum, or adjusting the model config.
  -> Size: 30.24% | Comp: 1677.3 MB/s | Decomp: 9004.1 MB/s | Metrics: {}

[========== Rate: 0.01 = Model: roberta-large-1==========]
Detected disk offloading. Scaling down max_workers to 4 to prevent disk I/O thrashing.
Based on the current allocation process, no modules could be assigned to the following devices due to insufficient memory:
  - 0: 258396192 bytes required
These minimum requirements are specific to this allocation attempt and may vary. Consider increasing the available memory for these devices to at least the specified minimum, or adjusting the model config.
Based on the current allocation process, no modules could be assigned to the following devices due to insufficient memory:
  - 0: 258396192 bytes required
These minimum requirements are specific to this allocation attempt and may vary. Consider increasing the available memory for these devices to at least the specified minimum, or adjusting the model config.
  -> Size: 29.55% | Comp: 1580.1 MB/s | Decomp: 9706.0 MB/s | Metrics: {}

[========== Rate: 0.02 = Model: roberta-large-1==========]
Detected disk offloading. Scaling down max_workers to 4 to prevent disk I/O thrashing.
Based on the current allocation process, no modules could be assigned to the following devices due to insufficient memory:
  - 0: 258396192 bytes required
These minimum requirements are specific to this allocation attempt and may vary. Consider increasing the available memory for these devices to at least the specified minimum, or adjusting the model config.
Based on the current allocation process, no modules could be assigned to the following devices due to insufficient memory:
  - 0: 258396192 bytes required
These minimum requirements are specific to this allocation attempt and may vary. Consider increasing the available memory for these devices to at least the specified minimum, or adjusting the model config.
  -> Size: 27.40% | Comp: 1564.3 MB/s | Decomp: 8831.3 MB/s | Metrics: {}

[========== Rate: 0.03 = Model: roberta-large-1==========]
Detected disk offloading. Scaling down max_workers to 4 to prevent disk I/O thrashing.
Based on the current allocation process, no modules could be assigned to the following devices due to insufficient memory:
  - 0: 258396192 bytes required
These minimum requirements are specific to this allocation attempt and may vary. Consider increasing the available memory for these devices to at least the specified minimum, or adjusting the model config.
Based on the current allocation process, no modules could be assigned to the following devices due to insufficient memory:
  - 0: 258396192 bytes required
These minimum requirements are specific to this allocation attempt and may vary. Consider increasing the available memory for these devices to at least the specified minimum, or adjusting the model config.
  -> Size: 24.91% | Comp: 1387.2 MB/s | Decomp: 8491.6 MB/s | Metrics: {}

[========== Rate: 0.04 = Model: roberta-large-1==========]
Detected disk offloading. Scaling down max_workers to 4 to prevent disk I/O thrashing.
Based on the current allocation process, no modules could be assigned to the following devices due to insufficient memory:
  - 0: 258396192 bytes required
These minimum requirements are specific to this allocation attempt and may vary. Consider increasing the available memory for these devices to at least the specified minimum, or adjusting the model config.
Based on the current allocation process, no modules could be assigned to the following devices due to insufficient memory:
  - 0: 258396192 bytes required
These minimum requirements are specific to this allocation attempt and may vary. Consider increasing the available memory for these devices to at least the specified minimum, or adjusting the model config.
  -> Size: 22.36% | Comp: 1147.4 MB/s | Decomp: 10561.1 MB/s | Metrics: {}

[========== Rate: 0.05 = Model: roberta-large-1==========]
Detected disk offloading. Scaling down max_workers to 4 to prevent disk I/O thrashing.
Based on the current allocation process, no modules could be assigned to the following devices due to insufficient memory:
  - 0: 258396192 bytes required
These minimum requirements are specific to this allocation attempt and may vary. Consider increasing the available memory for these devices to at least the specified minimum, or adjusting the model config.
Based on the current allocation process, no modules could be assigned to the following devices due to insufficient memory:
  - 0: 258396192 bytes required
These minimum requirements are specific to this allocation attempt and may vary. Consider increasing the available memory for these devices to at least the specified minimum, or adjusting the model config.
  -> Size: 19.54% | Comp: 770.2 MB/s | Decomp: 13190.0 MB/s | Metrics: {}

[========== Rate: 0.1 = Model: roberta-large-1==========]
Detected disk offloading. Scaling down max_workers to 4 to prevent disk I/O thrashing.
Based on the current allocation process, no modules could be assigned to the following devices due to insufficient memory:
  - 0: 258396192 bytes required
These minimum requirements are specific to this allocation attempt and may vary. Consider increasing the available memory for these devices to at least the specified minimum, or adjusting the model config.
Based on the current allocation process, no modules could be assigned to the following devices due to insufficient memory:
  - 0: 258396192 bytes required
These minimum requirements are specific to this allocation attempt and may vary. Consider increasing the available memory for these devices to at least the specified minimum, or adjusting the model config.
  -> Size: 3.41% | Comp: 1089.4 MB/s | Decomp: 17951.7 MB/s | Metrics: {}

[========== Rate: 0.12 = Model: roberta-large-1==========]
Detected disk offloading. Scaling down max_workers to 4 to prevent disk I/O thrashing.
Based on the current allocation process, no modules could be assigned to the following devices due to insufficient memory:
  - 0: 258396192 bytes required
These minimum requirements are specific to this allocation attempt and may vary. Consider increasing the available memory for these devices to at least the specified minimum, or adjusting the model config.
Based on the current allocation process, no modules could be assigned to the following devices due to insufficient memory:
  - 0: 258396192 bytes required
These minimum requirements are specific to this allocation attempt and may vary. Consider increasing the available memory for these devices to at least the specified minimum, or adjusting the model config.
  -> Size: 1.53% | Comp: 1452.7 MB/s | Decomp: 17918.3 MB/s | Metrics: {}

[========== Rate: 0.15 = Model: roberta-large-1==========]
Detected disk offloading. Scaling down max_workers to 4 to prevent disk I/O thrashing.
Based on the current allocation process, no modules could be assigned to the following devices due to insufficient memory:
  - 0: 258396192 bytes required
These minimum requirements are specific to this allocation attempt and may vary. Consider increasing the available memory for these devices to at least the specified minimum, or adjusting the model config.
Based on the current allocation process, no modules could be assigned to the following devices due to insufficient memory:
  - 0: 258396192 bytes required
These minimum requirements are specific to this allocation attempt and may vary. Consider increasing the available memory for these devices to at least the specified minimum, or adjusting the model config.
  -> Size: 0.48% | Comp: 2341.7 MB/s | Decomp: 18323.9 MB/s | Metrics: {}

====================================================================================================
 FINAL SUMMARY: roberta-large-1 (GLUE) 
====================================================================================================
Rate     | Comp %     | C-Speed      | D-Speed      | Main Metric
-----------------------------------------------------------------
0.0      | 30.40%     | 466.0 MB/s   | 9534.6 MB/s  | N/A (No Eval)
0.001    | 30.40%     | 1626.7 MB/s  | 9153.1 MB/s  | N/A (No Eval)
0.005    | 30.24%     | 1677.3 MB/s  | 9004.1 MB/s  | N/A (No Eval)
0.01     | 29.55%     | 1580.1 MB/s  | 9706.0 MB/s  | N/A (No Eval)
0.02     | 27.40%     | 1564.3 MB/s  | 8831.3 MB/s  | N/A (No Eval)
0.03     | 24.91%     | 1387.2 MB/s  | 8491.6 MB/s  | N/A (No Eval)
0.04     | 22.36%     | 1147.4 MB/s  | 10561.1 MB/s | N/A (No Eval)
0.05     | 19.54%     | 770.2 MB/s   | 13190.0 MB/s | N/A (No Eval)
0.1      | 3.41%      | 1089.4 MB/s  | 17951.7 MB/s | N/A (No Eval)
0.12     | 1.53%      | 1452.7 MB/s  | 17918.3 MB/s | N/A (No Eval)
0.15     | 0.48%      | 2341.7 MB/s  | 18323.9 MB/s | N/A (No Eval)
====================================================================================================
