
=====================================================================================================================================
Model Name                                                   | Method   | Orig(MB)   | Comp%      | C-Speed(MB/s)   | D-Speed(MB/s)  
-------------------------------------------------------------------------------------------------------------------------------------
Xwin-LM/Xwin-LM-13B-V0.1                                     | zlib     |  49651.7 |    92.70% |         34.96 |        301.73
Xwin-LM/Xwin-LM-13B-V0.1                                     | gzip     |  49651.7 |    92.70% |         34.77 |        256.29
Xwin-LM/Xwin-LM-13B-V0.1                                     | zstd     |  49651.7 |    92.62% |        549.78 |       1015.51

==============================
AGGREGATED RESULTS BY METHOD
==============================

Method: zstd
{
    "Xwin-LM/Xwin-LM-13B-V0.1": {
        "OrigMB": 49651.73,
        "CompRatio": 92.62,
        "CompSpeed": 549.78,
        "DecompSpeed": 1015.51
    }
}

Method: zlib
{
    "Xwin-LM/Xwin-LM-13B-V0.1": {
        "OrigMB": 49651.73,
        "CompRatio": 92.7,
        "CompSpeed": 34.96,
        "DecompSpeed": 301.73
    }
}

Method: gzip
{
    "Xwin-LM/Xwin-LM-13B-V0.1": {
        "OrigMB": 49651.73,
        "CompRatio": 92.7,
        "CompSpeed": 34.77,
        "DecompSpeed": 256.29
    }
}
