===================================================
自动化 Benchmarking 脚本已启动
将在系统负载低于 3 时自动执行测试
===================================================
[Sat 07 Mar 2026 11:27:18 PM EST] 触发测试！当前系统负载 < 3，环境纯净。

---------------------------------------------------
[Sat 07 Mar 2026 11:27:18 PM EST] 开始测试 --> 线程数: 1
执行命令: taskset -c 0-0 python bench/main.py --num 1
[Sat 07 Mar 2026 11:44:29 PM EST] 线程数 1 的测试已结束。

---------------------------------------------------
[Sat 07 Mar 2026 11:44:39 PM EST] 开始测试 --> 线程数: 2
执行命令: taskset -c 0-1 python bench/main.py --num 2
[Sat 07 Mar 2026 11:54:23 PM EST] 线程数 2 的测试已结束。

---------------------------------------------------
[Sat 07 Mar 2026 11:54:33 PM EST] 开始测试 --> 线程数: 4
执行命令: taskset -c 0-3 python bench/main.py --num 4
[Sun 08 Mar 2026 12:00:43 AM EST] 线程数 4 的测试已结束。

---------------------------------------------------
[Sun 08 Mar 2026 12:00:53 AM EST] 开始测试 --> 线程数: 8
执行命令: taskset -c 0-7 python bench/main.py --num 8
[Sun 08 Mar 2026 12:05:26 AM EST] 线程数 8 的测试已结束。

---------------------------------------------------
[Sun 08 Mar 2026 12:05:36 AM EST] 开始测试 --> 线程数: 16
执行命令: taskset -c 0-15 python bench/main.py --num 16
[Sun 08 Mar 2026 12:09:40 AM EST] 线程数 16 的测试已结束。

---------------------------------------------------
[Sun 08 Mar 2026 12:09:50 AM EST] 开始测试 --> 线程数: 32
执行命令: taskset -c 0-31 python bench/main.py --num 32
[Sun 08 Mar 2026 12:13:49 AM EST] 线程数 32 的测试已结束。
===================================================
[Sun 08 Mar 2026 12:13:59 AM EST] 所有配置已全部测试完毕，完美收工！
